<?xml version="1.0" encoding="UTF-8"?>
<!-- Generated by org.testng.reporters.JUnitXMLReporter -->
<testsuite hostname="W00000PC1FM434" ignored="0" tests="0" failures="0" timestamp="2022-03-31T12:24:12 IST" time="95.918" errors="0">
  <testcase name="null" time="0.001" classname="testRunners.MyTestRunner">
    <failure type="java.lang.RuntimeException" message="java.net.ConnectException: Connection refused: connect">
      <![CDATA[java.lang.RuntimeException: java.net.ConnectException: Connection refused: connect
at io.cucumber.core.plugin.MessageFormatter.writeMessage(MessageFormatter.java:36)
at io.cucumber.core.eventbus.AbstractEventPublisher.send(AbstractEventPublisher.java:51)
at io.cucumber.core.eventbus.AbstractEventBus.send(AbstractEventBus.java:12)
at io.cucumber.core.runtime.CucumberExecutionContext.emitTestRunFinished(CucumberExecutionContext.java:102)
at io.cucumber.core.runtime.CucumberExecutionContext.finishTestRun(CucumberExecutionContext.java:74)
at io.cucumber.junit.Cucumber$RunCucumber.evaluate(Cucumber.java:236)
at org.junit.runners.ParentRunner$3.evaluate(ParentRunner.java:306)
at org.junit.runners.ParentRunner.run(ParentRunner.java:413)
at org.junit.runner.JUnitCore.run(JUnitCore.java:137)
at org.junit.runner.JUnitCore.run(JUnitCore.java:115)
at java.util.ArrayList.forEach(ArrayList.java:1259)
Caused by: java.net.ConnectException: Connection refused: connect
at java.net.DualStackPlainSocketImpl.connect0(Native Method)
at java.net.DualStackPlainSocketImpl.socketConnect(DualStackPlainSocketImpl.java:75)
at java.net.AbstractPlainSocketImpl.doConnect(AbstractPlainSocketImpl.java:476)
at java.net.AbstractPlainSocketImpl.connectToAddress(AbstractPlainSocketImpl.java:218)
at java.net.AbstractPlainSocketImpl.connect(AbstractPlainSocketImpl.java:200)
at java.net.PlainSocketImpl.connect(PlainSocketImpl.java:162)
at java.net.SocksSocketImpl.connect(SocksSocketImpl.java:394)
at java.net.Socket.connect(Socket.java:606)
at sun.security.ssl.SSLSocketImpl.connect(SSLSocketImpl.java:286)
at sun.security.ssl.BaseSSLSocketImpl.connect(BaseSSLSocketImpl.java:173)
at sun.net.NetworkClient.doConnect(NetworkClient.java:180)
at sun.net.www.http.HttpClient.openServer(HttpClient.java:463)
at sun.net.www.http.HttpClient.openServer(HttpClient.java:558)
at sun.net.www.protocol.https.HttpsClient.<init>(HttpsClient.java:292)
at sun.net.www.protocol.https.HttpsClient.New(HttpsClient.java:395)
at sun.net.www.protocol.https.AbstractDelegateHttpsURLConnection.getNewHttpClient(AbstractDelegateHttpsURLConnection.java:191)
at sun.net.www.protocol.http.HttpURLConnection.plainConnect0(HttpURLConnection.java:1162)
at sun.net.www.protocol.http.HttpURLConnection.plainConnect(HttpURLConnection.java:1056)
at sun.net.www.protocol.https.AbstractDelegateHttpsURLConnection.connect(AbstractDelegateHttpsURLConnection.java:177)
at sun.net.www.protocol.http.HttpURLConnection.getOutputStream0(HttpURLConnection.java:1340)
at sun.net.www.protocol.http.HttpURLConnection.getOutputStream(HttpURLConnection.java:1315)
at sun.net.www.protocol.https.HttpsURLConnectionImpl.getOutputStream(HttpsURLConnectionImpl.java:264)
at io.cucumber.core.plugin.UrlOutputStream.sendRequest(UrlOutputStream.java:90)
at io.cucumber.core.plugin.UrlOutputStream.sendRequest(UrlOutputStream.java:86)
at io.cucumber.core.plugin.UrlOutputStream.close(UrlOutputStream.java:63)
at sun.nio.cs.StreamEncoder.implClose(StreamEncoder.java:320)
at sun.nio.cs.StreamEncoder.close(StreamEncoder.java:149)
at java.io.OutputStreamWriter.close(OutputStreamWriter.java:233)
at io.cucumber.core.plugin.MessageFormatter.writeMessage(MessageFormatter.java:33)
... 34 more
... Removed 24 stack frames]]>
    </failure>
  </testcase> <!-- null -->
</testsuite>
