<?xml version="1.0" encoding="UTF-8"?>
<testng-results skipped="0" failed="0" ignored="0" total="0" passed="0">
  <reporter-output>
  </reporter-output>
  <suite name="testRunners.TestRunner" duration-ms="8" started-at="2022-03-31T12:46:07 IST" finished-at="2022-03-31T12:46:07 IST">
    <groups>
    </groups>
    <test name="Command line test" duration-ms="8" started-at="2022-03-31T12:46:07 IST" finished-at="2022-03-31T12:46:07 IST">
    </test> <!-- Command line test -->
  </suite> <!-- testRunners.TestRunner -->
</testng-results>
